<?xml version="1.0" encoding="UTF-8"?>
<!-- Generated by org.testng.reporters.JUnitReportReporter -->
<testsuite hostname="DESKTOP-NQ704LS" failures="0" tests="1" name="com.test.ExtentReportListener" time="3.713" errors="0" timestamp="2024-10-18T12:37:09 IST" skipped="0">
  <testcase classname="com.test.ExtentReportListener" name="verifyProductNamesAndPrices" time="3.713"/>
</testsuite> <!-- com.test.ExtentReportListener -->
