<?xml version="1.0" encoding="UTF-8"?>
<!-- Generated by org.testng.reporters.JUnitReportReporter -->
<testsuite hostname="DESKTOP-NQ704LS" failures="0" tests="2" name="com.test.LoginTest" time="3.019" errors="0" timestamp="2024-10-18T12:36:26 IST" skipped="0">
  <testcase classname="com.test.LoginTest" name="testInvalidLogin" time="2.337"/>
  <testcase classname="com.test.LoginTest" name="testLogin" time="0.682"/>
</testsuite> <!-- com.test.LoginTest -->
