<?xml version="1.0" encoding="UTF-8"?>
<!-- Generated by org.testng.reporters.JUnitReportReporter -->
<testsuite hostname="DESKTOP-NQ704LS" failures="0" tests="1" name="com.test.ProductPageTest" time="0.060" errors="0" timestamp="2024-10-18T12:36:26 IST" skipped="0">
  <testcase classname="com.test.ProductPageTest" name="testClickEachProductAndPrintPrice" time="0.060"/>
</testsuite> <!-- com.test.ProductPageTest -->
