<?xml version="1.0" encoding="UTF-8"?>
<!-- Generated by org.testng.reporters.JUnitReportReporter -->
<testsuite hostname="DESKTOP-NQ704LS" failures="0" tests="1" name="com.test.TestAllProducts" time="3.907" errors="0" timestamp="2024-10-18T12:36:26 IST" skipped="0">
  <testcase classname="com.test.TestAllProducts" name="verifyProductNamesAndPrices" time="3.907"/>
</testsuite> <!-- com.test.TestAllProducts -->
