<?xml version="1.0" encoding="UTF-8"?>
<!-- Generated by org.testng.reporters.JUnitReportReporter -->
<testsuite hostname="DESKTOP-NQ704LS" failures="0" tests="3" name="com.test.TestBabyhugProducts" time="0.298" errors="0" timestamp="2024-10-18T12:44:10 IST" skipped="0">
  <testcase classname="com.test.TestBabyhugProducts" name="verifyProductNames" time="0.130"/>
  <testcase classname="com.test.TestBabyhugProducts" name="verifyProductPrices" time="0.087"/>
  <testcase classname="com.test.TestBabyhugProducts" name="verifyTotalProducts" time="0.081"/>
</testsuite> <!-- com.test.TestBabyhugProducts -->
