<?xml version="1.0" encoding="UTF-8"?>
<!-- Generated by org.testng.reporters.JUnitReportReporter -->
<testsuite hostname="DESKTOP-NQ704LS" failures="0" tests="1" name="com.test.TestProductDetails" time="0.217" errors="0" timestamp="2024-10-18T12:44:10 IST" skipped="0">
  <testcase classname="com.test.TestProductDetails" name="testTshirtDetails" time="0.217"/>
</testsuite> <!-- com.test.TestProductDetails -->
