<?xml version="1.0" encoding="UTF-8"?>
<!-- Generated by org.testng.reporters.JUnitReportReporter -->
<testsuite hostname="DESKTOP-NQ704LS" failures="0" tests="2" name="com.test.LoginTest" time="3.595" errors="0" timestamp="2024-10-18T12:44:10 IST" skipped="0">
  <testcase classname="com.test.LoginTest" name="testLogin" time="1.297"/>
  <testcase classname="com.test.LoginTest" name="testInvalidLogin" time="2.298"/>
</testsuite> <!-- com.test.LoginTest -->
